<?xml version="1.0" encoding="UTF-8" ?>
<testsuite tests="3" failures="0" name="RunnerPackage.TestRunner" time="60.806" errors="1" skipped="0">
  <properties>
[...]
</properties>
  <testcase classname="Free HRMOrangeApplication" name="HRMOrange Application Demo" time="22.23"/>
  <testcase classname="Free HRMOrangeApplication" name="User clicks on Logout" time="19.456">
    <error message="move target out of bounds
  (Session info: chrome=81.0.4044.113)
Build info: version: &apos;3.141.5&apos;, revision: &apos;d54ebd709a&apos;, time: &apos;2018-11-06T11:42:16&apos;
System info: host: &apos;POOJA-17125&apos;, ip: &apos;192.168.43.160&apos;, os.name: &apos;Windows 10&apos;, os.arch: &apos;amd64&apos;, os.version: &apos;10.0&apos;, java.version: &apos;1.8.0_251&apos;
Driver info: org.openqa.selenium.chrome.ChromeDriver
Capabilities {acceptInsecureCerts: false, browserName: chrome, browserVersion: 81.0.4044.113, chrome: {chromedriverVersion: 80.0.3987.106 (f68069574609..., userDataDir: C:\Users\dell\AppData\Local...}, goog:chromeOptions: {debuggerAddress: localhost:61749}, javascriptEnabled: true, networkConnectionEnabled: false, pageLoadStrategy: normal, platform: WINDOWS, platformName: WINDOWS, proxy: Proxy(), setWindowRect: true, strictFileInteractability: false, timeouts: {implicit: 0, pageLoad: 300000, script: 30000}, unhandledPromptBehavior: dismiss and notify}
Session ID: fd14cf07f0c63f2c0b334b014e062de0" type="org.openqa.selenium.interactions.MoveTargetOutOfBoundsException">org.openqa.selenium.interactions.MoveTargetOutOfBoundsException: move target out of bounds
  (Session info: chrome=81.0.4044.113)
Build info: version: &apos;3.141.5&apos;, revision: &apos;d54ebd709a&apos;, time: &apos;2018-11-06T11:42:16&apos;
System info: host: &apos;POOJA-17125&apos;, ip: &apos;192.168.43.160&apos;, os.name: &apos;Windows 10&apos;, os.arch: &apos;amd64&apos;, os.version: &apos;10.0&apos;, java.version: &apos;1.8.0_251&apos;
Driver info: org.openqa.selenium.chrome.ChromeDriver
Capabilities {acceptInsecureCerts: false, browserName: chrome, browserVersion: 81.0.4044.113, chrome: {chromedriverVersion: 80.0.3987.106 (f68069574609..., userDataDir: C:\Users\dell\AppData\Local...}, goog:chromeOptions: {debuggerAddress: localhost:61749}, javascriptEnabled: true, networkConnectionEnabled: false, pageLoadStrategy: normal, platform: WINDOWS, platformName: WINDOWS, proxy: Proxy(), setWindowRect: true, strictFileInteractability: false, timeouts: {implicit: 0, pageLoad: 300000, script: 30000}, unhandledPromptBehavior: dismiss and notify}
Session ID: fd14cf07f0c63f2c0b334b014e062de0
	at sun.reflect.NativeConstructorAccessorImpl.newInstance0(Native Method)
	at sun.reflect.NativeConstructorAccessorImpl.newInstance(NativeConstructorAccessorImpl.java:62)
	at sun.reflect.DelegatingConstructorAccessorImpl.newInstance(DelegatingConstructorAccessorImpl.java:45)
	at java.lang.reflect.Constructor.newInstance(Constructor.java:423)
	at org.openqa.selenium.remote.http.W3CHttpResponseCodec.createException(W3CHttpResponseCodec.java:187)
	at org.openqa.selenium.remote.http.W3CHttpResponseCodec.decode(W3CHttpResponseCodec.java:122)
	at org.openqa.selenium.remote.http.W3CHttpResponseCodec.decode(W3CHttpResponseCodec.java:49)
	at org.openqa.selenium.remote.HttpCommandExecutor.execute(HttpCommandExecutor.java:158)
	at org.openqa.selenium.remote.service.DriverCommandExecutor.execute(DriverCommandExecutor.java:83)
	at org.openqa.selenium.remote.RemoteWebDriver.execute(RemoteWebDriver.java:552)
	at org.openqa.selenium.remote.RemoteWebDriver.perform(RemoteWebDriver.java:618)
	at org.openqa.selenium.interactions.Actions$BuiltAction.perform(Actions.java:639)
	at StepDefinition.LoginStepDefinition.user_make_mouse_hover_on_Welcome_Admin(LoginStepDefinition.java:112)
	at ✽.user make mouse hover on Welcome Admin(file:///E:/JavaSelenium/BDDCucumberFramework/src/test/java/Features/Login.feature:17)
</error>
    <system-out>
@demo2
Scenario: User clicks on Logout               # src/test/java/Features/Login.feature:14
OrangeHRM
  Given user is on Home Page                  # StepDefinition.LoginStepDefinition.user_is_on_Home_Page()
  Then user make mouse hover on Welcome Admin # StepDefinition.LoginStepDefinition.user_make_mouse_hover_on_Welcome_Admin()
      org.openqa.selenium.interactions.MoveTargetOutOfBoundsException: move target out of bounds
  (Session info: chrome=81.0.4044.113)
Build info: version: &apos;3.141.5&apos;, revision: &apos;d54ebd709a&apos;, time: &apos;2018-11-06T11:42:16&apos;
System info: host: &apos;POOJA-17125&apos;, ip: &apos;192.168.43.160&apos;, os.name: &apos;Windows 10&apos;, os.arch: &apos;amd64&apos;, os.version: &apos;10.0&apos;, java.version: &apos;1.8.0_251&apos;
Driver info: org.openqa.selenium.chrome.ChromeDriver
Capabilities {acceptInsecureCerts: false, browserName: chrome, browserVersion: 81.0.4044.113, chrome: {chromedriverVersion: 80.0.3987.106 (f68069574609..., userDataDir: C:\Users\dell\AppData\Local...}, goog:chromeOptions: {debuggerAddress: localhost:61749}, javascriptEnabled: true, networkConnectionEnabled: false, pageLoadStrategy: normal, platform: WINDOWS, platformName: WINDOWS, proxy: Proxy(), setWindowRect: true, strictFileInteractability: false, timeouts: {implicit: 0, pageLoad: 300000, script: 30000}, unhandledPromptBehavior: dismiss and notify}
Session ID: fd14cf07f0c63f2c0b334b014e062de0
	at sun.reflect.NativeConstructorAccessorImpl.newInstance0(Native Method)
	at sun.reflect.NativeConstructorAccessorImpl.newInstance(NativeConstructorAccessorImpl.java:62)
	at sun.reflect.DelegatingConstructorAccessorImpl.newInstance(DelegatingConstructorAccessorImpl.java:45)
	at java.lang.reflect.Constructor.newInstance(Constructor.java:423)
	at org.openqa.selenium.remote.http.W3CHttpResponseCodec.createException(W3CHttpResponseCodec.java:187)
	at org.openqa.selenium.remote.http.W3CHttpResponseCodec.decode(W3CHttpResponseCodec.java:122)
	at org.openqa.selenium.remote.http.W3CHttpResponseCodec.decode(W3CHttpResponseCodec.java:49)
	at org.openqa.selenium.remote.HttpCommandExecutor.execute(HttpCommandExecutor.java:158)
	at org.openqa.selenium.remote.service.DriverCommandExecutor.execute(DriverCommandExecutor.java:83)
	at org.openqa.selenium.remote.RemoteWebDriver.execute(RemoteWebDriver.java:552)
	at org.openqa.selenium.remote.RemoteWebDriver.perform(RemoteWebDriver.java:618)
	at org.openqa.selenium.interactions.Actions$BuiltAction.perform(Actions.java:639)
	at StepDefinition.LoginStepDefinition.user_make_mouse_hover_on_Welcome_Admin(LoginStepDefinition.java:112)
	at ?.user make mouse hover on Welcome Admin(file:///E:/JavaSelenium/BDDCucumberFramework/src/test/java/Features/Login.feature:17)

  And user clicks on Logout                   # StepDefinition.LoginStepDefinition.user_clicks_on_Logout()
</system-out>
    <system-err>Starting ChromeDriver 80.0.3987.106 (f68069574609230cf9b635cd784cfb1bf81bb53a-refs/branch-heads/3987@{#882}) on port 16833
Only local connections are allowed.
Please protect ports used by ChromeDriver and related test frameworks to prevent access by malicious code.
[1587637504.447][WARNING]: This version of ChromeDriver has not been tested with Chrome version 81.
[1587637506.682][WARNING]: Timed out connecting to Chrome, retrying...
Apr 23, 2020 3:55:08 PM org.openqa.selenium.remote.ProtocolHandshake createSession
INFO: Detected dialect: W3C
[1587637510.367][SEVERE]: Timed out receiving message from renderer: 0.100
[1587637510.474][SEVERE]: Timed out receiving message from renderer: 0.100
[1587637510.576][SEVERE]: Timed out receiving message from renderer: 0.100
[1587637510.678][SEVERE]: Timed out receiving message from renderer: 0.100
[1587637510.779][SEVERE]: Timed out receiving message from renderer: 0.100
[1587637510.880][SEVERE]: Timed out receiving message from renderer: 0.100
[1587637510.984][SEVERE]: Timed out receiving message from renderer: 0.100
[1587637511.093][SEVERE]: Timed out receiving message from renderer: 0.100
[1587637511.195][SEVERE]: Timed out receiving message from renderer: 0.100
[1587637511.297][SEVERE]: Timed out receiving message from renderer: 0.100
[1587637511.398][SEVERE]: Timed out receiving message from renderer: 0.100
[1587637511.499][SEVERE]: Timed out receiving message from renderer: 0.100
[1587637511.600][SEVERE]: Timed out receiving message from renderer: 0.100
[1587637511.703][SEVERE]: Timed out receiving message from renderer: 0.100
[1587637511.804][SEVERE]: Timed out receiving message from renderer: 0.100
[1587637511.933][SEVERE]: Timed out receiving message from renderer: 0.100
[1587637512.142][SEVERE]: Timed out receiving message from renderer: 0.100
[1587637512.243][SEVERE]: Timed out receiving message from renderer: 0.100
[1587637512.634][SEVERE]: Timed out receiving message from renderer: 0.100
[1587637512.736][SEVERE]: Timed out receiving message from renderer: 0.100
[1587637519.431][SEVERE]: Timed out receiving message from renderer: 0.100
[1587637519.532][SEVERE]: Timed out receiving message from renderer: 0.100
[1587637519.774][SEVERE]: Timed out receiving message from renderer: 0.100
[1587637519.881][SEVERE]: Timed out receiving message from renderer: 0.100
[1587637519.983][SEVERE]: Timed out receiving message from renderer: 0.100
[1587637520.087][SEVERE]: Timed out receiving message from renderer: 0.100
</system-err>
  </testcase>
  <testcase classname="Free HRMOrangeApplication" name="user Check when you forgot the password" time="19.12"/>
</testsuite>